<?xml version="1.0" encoding="UTF-8"?>
<!-- Generated by org.testng.reporters.JUnitReportReporter -->
<testsuite hostname="DESKTOP-EU5VLQQ" failures="0" tests="1" name="org.test.ActiLogPage" time="12.429" errors="0" timestamp="01 Apr 2021 06:20:15 GMT" skipped="0">
  <testcase classname="org.test.ActiLogPage" name="setting" time="12.429"/>
</testsuite> <!-- org.test.ActiLogPage -->
